This file contains any messages produced by compilers while
running configure, to aid debugging if configure makes a mistake.

It was created by configure, which was
generated by GNU Autoconf 2.69.  Invocation command line was

  $ ./configure 

## --------- ##
## Platform. ##
## --------- ##

hostname = M1.local
uname -m = arm64
uname -r = 20.1.0
uname -s = Darwin
uname -v = Darwin Kernel Version 20.1.0: Sat Oct 31 00:07:10 PDT 2020; root:xnu-7195.50.7~2/RELEASE_ARM64_T8101

/usr/bin/uname -p = arm
/bin/uname -X     = unknown

/bin/arch              = unknown
/usr/bin/arch -k       = unknown
/usr/convex/getsysinfo = unknown
/usr/bin/hostinfo      = Mach kernel version:
	 Darwin Kernel Version 20.1.0: Sat Oct 31 00:07:10 PDT 2020; root:xnu-7195.50.7~2/RELEASE_ARM64_T8101
Kernel configured for up to 8 processors.
8 processors are physically available.
8 processors are logically available.
Processor type: arm64e (ARM64E)
Processors active: 0 1 2 3 4 5 6 7
Primary memory available: 8.00 gigabytes
Default processor set: 554 tasks, 2247 threads, 8 processors
Load average: 1.35, Mach factor: 6.64
/bin/machine           = unknown
/usr/bin/oslevel       = unknown
/bin/universe          = unknown

PATH: /usr/local/bin
PATH: /usr/bin
PATH: /bin
PATH: /usr/sbin
PATH: /sbin
PATH: /Library/Apple/usr/bin


## ----------- ##
## Core tests. ##
## ----------- ##

configure:2181: checking build system type
configure:2195: result: arm-apple-darwin20.1.0
configure:2215: checking host system type
configure:2228: result: arm-apple-darwin20.1.0
configure:2248: checking target system type
configure:2261: result: arm-apple-darwin20.1.0
configure:2399: checking for gcc
configure:2415: found /usr/bin/gcc
configure:2426: result: gcc
configure:2655: checking for C compiler version
configure:2664: gcc --version >&5
Apple clang version 12.0.0 (clang-1200.0.32.28)
Target: arm64-apple-darwin20.1.0
Thread model: posix
InstalledDir: /Applications/Xcode.app/Contents/Developer/Toolchains/XcodeDefault.xctoolchain/usr/bin
Configured with: --prefix=/Applications/Xcode.app/Contents/Developer/usr --with-gxx-include-dir=/Applications/Xcode.app/Contents/Developer/Platforms/MacOSX.platform/Developer/SDKs/MacOSX.sdk/usr/include/c++/4.2.1
configure:2675: $? = 0
configure:2664: gcc -v >&5
Configured with: --prefix=/Applications/Xcode.app/Contents/Developer/usr --with-gxx-include-dir=/Applications/Xcode.app/Contents/Developer/Platforms/MacOSX.platform/Developer/SDKs/MacOSX.sdk/usr/include/c++/4.2.1
Apple clang version 12.0.0 (clang-1200.0.32.28)
Target: arm64-apple-darwin20.1.0
Thread model: posix
InstalledDir: /Applications/Xcode.app/Contents/Developer/Toolchains/XcodeDefault.xctoolchain/usr/bin
configure:2675: $? = 0
configure:2664: gcc -V >&5
clang: error: argument to '-V' is missing (expected 1 value)
clang: error: no input files
configure:2675: $? = 1
configure:2664: gcc -qversion >&5
clang: error: unknown argument '-qversion'; did you mean '--version'?
clang: error: no input files
configure:2675: $? = 1
configure:2695: checking whether the C compiler works
configure:2717: gcc -g -arch arm64 -arch x86_64 -mmacosx-version-min=10.10 -fPIC -O3   conftest.c  >&5
configure:2721: $? = 0
configure:2769: result: yes
configure:2772: checking for C compiler default output file name
configure:2774: result: a.out
configure:2780: checking for suffix of executables
configure:2787: gcc -o conftest -g -arch arm64 -arch x86_64 -mmacosx-version-min=10.10 -fPIC -O3   conftest.c  >&5
configure:2791: $? = 0
configure:2813: result: 
configure:2835: checking whether we are cross compiling
configure:2843: gcc -o conftest -g -arch arm64 -arch x86_64 -mmacosx-version-min=10.10 -fPIC -O3   conftest.c  >&5
configure:2847: $? = 0
configure:2854: ./conftest
configure:2858: $? = 0
configure:2873: result: no
configure:2878: checking for suffix of object files
configure:2900: gcc -c -g -arch arm64 -arch x86_64 -mmacosx-version-min=10.10 -fPIC -O3  conftest.c >&5
configure:2904: $? = 0
configure:2925: result: o
configure:2929: checking whether we are using the GNU C compiler
configure:2948: gcc -c -g -arch arm64 -arch x86_64 -mmacosx-version-min=10.10 -fPIC -O3  conftest.c >&5
configure:2948: $? = 0
configure:2957: result: yes
configure:2966: checking whether gcc accepts -g
configure:2986: gcc -c -g  conftest.c >&5
configure:2986: $? = 0
configure:3027: result: yes
configure:3044: checking for gcc option to accept ISO C89
configure:3107: gcc  -c -g -arch arm64 -arch x86_64 -mmacosx-version-min=10.10 -fPIC -O3  conftest.c >&5
configure:3107: $? = 0
configure:3120: result: none needed
configure:3146: checking how to run the C preprocessor
configure:3177: gcc -E  conftest.c
configure:3177: $? = 0
configure:3191: gcc -E  conftest.c
conftest.c:9:10: fatal error: 'ac_nonexistent.h' file not found
#include <ac_nonexistent.h>
         ^~~~~~~~~~~~~~~~~~
1 error generated.
configure:3191: $? = 1
configure: failed program was:
| /* confdefs.h */
| #define PACKAGE_NAME ""
| #define PACKAGE_TARNAME ""
| #define PACKAGE_VERSION ""
| #define PACKAGE_STRING ""
| #define PACKAGE_BUGREPORT ""
| #define PACKAGE_URL ""
| /* end confdefs.h.  */
| #include <ac_nonexistent.h>
configure:3216: result: gcc -E
configure:3236: gcc -E  conftest.c
configure:3236: $? = 0
configure:3250: gcc -E  conftest.c
conftest.c:9:10: fatal error: 'ac_nonexistent.h' file not found
#include <ac_nonexistent.h>
         ^~~~~~~~~~~~~~~~~~
1 error generated.
configure:3250: $? = 1
configure: failed program was:
| /* confdefs.h */
| #define PACKAGE_NAME ""
| #define PACKAGE_TARNAME ""
| #define PACKAGE_VERSION ""
| #define PACKAGE_STRING ""
| #define PACKAGE_BUGREPORT ""
| #define PACKAGE_URL ""
| /* end confdefs.h.  */
| #include <ac_nonexistent.h>
configure:3279: checking for grep that handles long lines and -e
configure:3337: result: /usr/bin/grep
configure:3342: checking for egrep
configure:3404: result: /usr/bin/grep -E
configure:3409: checking for ANSI C header files
configure:3429: gcc -c -g -arch arm64 -arch x86_64 -mmacosx-version-min=10.10 -fPIC -O3  conftest.c >&5
configure:3429: $? = 0
configure:3502: gcc -o conftest -g -arch arm64 -arch x86_64 -mmacosx-version-min=10.10 -fPIC -O3   conftest.c  >&5
configure:3502: $? = 0
configure:3502: ./conftest
configure:3502: $? = 0
configure:3513: result: yes
configure:3526: checking for sys/types.h
configure:3526: gcc -c -g -arch arm64 -arch x86_64 -mmacosx-version-min=10.10 -fPIC -O3  conftest.c >&5
configure:3526: $? = 0
configure:3526: result: yes
configure:3526: checking for sys/stat.h
configure:3526: gcc -c -g -arch arm64 -arch x86_64 -mmacosx-version-min=10.10 -fPIC -O3  conftest.c >&5
configure:3526: $? = 0
configure:3526: result: yes
configure:3526: checking for stdlib.h
configure:3526: gcc -c -g -arch arm64 -arch x86_64 -mmacosx-version-min=10.10 -fPIC -O3  conftest.c >&5
configure:3526: $? = 0
configure:3526: result: yes
configure:3526: checking for string.h
configure:3526: gcc -c -g -arch arm64 -arch x86_64 -mmacosx-version-min=10.10 -fPIC -O3  conftest.c >&5
configure:3526: $? = 0
configure:3526: result: yes
configure:3526: checking for memory.h
configure:3526: gcc -c -g -arch arm64 -arch x86_64 -mmacosx-version-min=10.10 -fPIC -O3  conftest.c >&5
configure:3526: $? = 0
configure:3526: result: yes
configure:3526: checking for strings.h
configure:3526: gcc -c -g -arch arm64 -arch x86_64 -mmacosx-version-min=10.10 -fPIC -O3  conftest.c >&5
configure:3526: $? = 0
configure:3526: result: yes
configure:3526: checking for inttypes.h
configure:3526: gcc -c -g -arch arm64 -arch x86_64 -mmacosx-version-min=10.10 -fPIC -O3  conftest.c >&5
configure:3526: $? = 0
configure:3526: result: yes
configure:3526: checking for stdint.h
configure:3526: gcc -c -g -arch arm64 -arch x86_64 -mmacosx-version-min=10.10 -fPIC -O3  conftest.c >&5
configure:3526: $? = 0
configure:3526: result: yes
configure:3526: checking for unistd.h
configure:3526: gcc -c -g -arch arm64 -arch x86_64 -mmacosx-version-min=10.10 -fPIC -O3  conftest.c >&5
configure:3526: $? = 0
configure:3526: result: yes
configure:3815: checking for gcc
configure:3842: result: gcc
configure:4071: checking for C compiler version
configure:4080: gcc --version >&5
Apple clang version 12.0.0 (clang-1200.0.32.28)
Target: arm64-apple-darwin20.1.0
Thread model: posix
InstalledDir: /Applications/Xcode.app/Contents/Developer/Toolchains/XcodeDefault.xctoolchain/usr/bin
Configured with: --prefix=/Applications/Xcode.app/Contents/Developer/usr --with-gxx-include-dir=/Applications/Xcode.app/Contents/Developer/Platforms/MacOSX.platform/Developer/SDKs/MacOSX.sdk/usr/include/c++/4.2.1
configure:4091: $? = 0
configure:4080: gcc -v >&5
Configured with: --prefix=/Applications/Xcode.app/Contents/Developer/usr --with-gxx-include-dir=/Applications/Xcode.app/Contents/Developer/Platforms/MacOSX.platform/Developer/SDKs/MacOSX.sdk/usr/include/c++/4.2.1
Apple clang version 12.0.0 (clang-1200.0.32.28)
Target: arm64-apple-darwin20.1.0
Thread model: posix
InstalledDir: /Applications/Xcode.app/Contents/Developer/Toolchains/XcodeDefault.xctoolchain/usr/bin
configure:4091: $? = 0
configure:4080: gcc -V >&5
clang: error: argument to '-V' is missing (expected 1 value)
clang: error: no input files
configure:4091: $? = 1
configure:4080: gcc -qversion >&5
clang: error: unknown argument '-qversion'; did you mean '--version'?
clang: error: no input files
configure:4091: $? = 1
configure:4095: checking whether we are using the GNU C compiler
configure:4123: result: yes
configure:4132: checking whether gcc accepts -g
configure:4193: result: yes
configure:4210: checking for gcc option to accept ISO C89
configure:4286: result: none needed
configure:4321: checking for gfortran
configure:4351: result: no
configure:4321: checking for g95
configure:4351: result: no
configure:4321: checking for g77
configure:4351: result: no
configure:4321: checking for f77
configure:4351: result: no
configure:4321: checking for ifort
configure:4351: result: no
configure:4321: checking for f95
configure:4351: result: no
configure:4321: checking for f90
configure:4351: result: no
configure:4321: checking for xlf
configure:4351: result: no
configure:4321: checking for cf77
configure:4351: result: no
configure:4321: checking for gf77
configure:4351: result: no
configure:4321: checking for af77
configure:4351: result: no
configure:4321: checking for ncf
configure:4351: result: no
configure:4321: checking for f2c
configure:4351: result: no
configure:4361: WARNING: cfitsio: == No acceptable Fortran compiler found in $PATH
configure:4363: cfitsio: == Adding wrapper support for GNU Fortran by default
configure:4393: checking for ar
configure:4409: found /usr/bin/ar
configure:4421: result: ar
configure:4478: checking for ranlib
configure:4494: found /usr/bin/ranlib
configure:4505: result: ranlib
configure:4531: checking for stdlib.h
configure:4531: result: yes
configure:4531: checking for string.h
configure:4531: result: yes
configure:4531: checking math.h usability
configure:4531: gcc -c -g -arch arm64 -arch x86_64 -mmacosx-version-min=10.10 -fPIC -O3  conftest.c >&5
configure:4531: $? = 0
configure:4531: result: yes
configure:4531: checking math.h presence
configure:4531: gcc -E  conftest.c
configure:4531: $? = 0
configure:4531: result: yes
configure:4531: checking for math.h
configure:4531: result: yes
configure:4531: checking limits.h usability
configure:4531: gcc -c -g -arch arm64 -arch x86_64 -mmacosx-version-min=10.10 -fPIC -O3  conftest.c >&5
configure:4531: $? = 0
configure:4531: result: yes
configure:4531: checking limits.h presence
configure:4531: gcc -E  conftest.c
configure:4531: $? = 0
configure:4531: result: yes
configure:4531: checking for limits.h
configure:4531: result: yes
configure:4554: gcc -c -g -arch arm64 -arch x86_64 -mmacosx-version-min=10.10 -fPIC -O3  conftest.c >&5
configure:4554: $? = 0
configure:4894: checking for curl-config
configure:4910: found /usr/bin/curl-config
configure:4921: result: curl-config
configure:4979: checking whether ftruncate works
configure:4995: gcc -o conftest -g -arch arm64 -arch x86_64 -mmacosx-version-min=10.10 -fPIC -O3 -Dg77Fortran -fPIC -fno-common  -g -arch arm64 -arch x86_64 -mmacosx-version-min=10.10 -fPIC -O3 conftest.c  >&5
configure:4995: $? = 0
configure:4999: result: yes
configure:5013: checking whether long long is defined
configure:5029: gcc -c -g -arch arm64 -arch x86_64 -mmacosx-version-min=10.10 -fPIC -O3 -Dg77Fortran -fPIC -fno-common  conftest.c >&5
configure:5029: $? = 0
configure:5033: result: yes
configure:5054: checking whether system V style IPC services are supported
configure:5075: gcc -o conftest -g -arch arm64 -arch x86_64 -mmacosx-version-min=10.10 -fPIC -O3 -Dg77Fortran -fPIC -fno-common  -g -arch arm64 -arch x86_64 -mmacosx-version-min=10.10 -fPIC -O3 conftest.c  >&5
configure:5075: $? = 0
configure:5080: result: yes
configure:5096: checking whether flock_t is defined in sys/fcntl.h
configure:5112: gcc -c -g -arch arm64 -arch x86_64 -mmacosx-version-min=10.10 -fPIC -O3 -Dg77Fortran -fPIC -fno-common  conftest.c >&5
conftest.c:35:1: error: use of undeclared identifier 'flock_t'; did you mean 'flock'?
flock_t filler;
^~~~~~~
flock
/Applications/Xcode.app/Contents/Developer/Platforms/MacOSX.platform/Developer/SDKs/MacOSX.sdk/usr/include/sys/fcntl.h:568:9: note: 'flock' declared here
int     flock(int, int);
        ^
conftest.c:35:1: error: must use 'struct' tag to refer to type 'flock'
flock_t filler;
^
struct 
/Applications/Xcode.app/Contents/Developer/Platforms/MacOSX.platform/Developer/SDKs/MacOSX.sdk/usr/include/sys/fcntl.h:568:9: note: struct 'flock' is hidden by a non-type declaration of 'flock' here
int     flock(int, int);
        ^
2 errors generated.
configure:5112: $? = 1
configure: failed program was:
| /* confdefs.h */
| #define PACKAGE_NAME ""
| #define PACKAGE_TARNAME ""
| #define PACKAGE_VERSION ""
| #define PACKAGE_STRING ""
| #define PACKAGE_BUGREPORT ""
| #define PACKAGE_URL ""
| #define STDC_HEADERS 1
| #define HAVE_SYS_TYPES_H 1
| #define HAVE_SYS_STAT_H 1
| #define HAVE_STDLIB_H 1
| #define HAVE_STRING_H 1
| #define HAVE_MEMORY_H 1
| #define HAVE_STRINGS_H 1
| #define HAVE_INTTYPES_H 1
| #define HAVE_STDINT_H 1
| #define HAVE_UNISTD_H 1
| #define HAVE_STDLIB_H 1
| #define HAVE_STRING_H 1
| #define HAVE_MATH_H 1
| #define HAVE_LIMITS_H 1
| #define _LARGEFILE_SOURCE 1
| #define _FILE_OFFSET_BITS 64
| #define CFITSIO_HAVE_CURL 1
| #define HAVE_FTRUNCATE 1
| #define HAVE_LONGLONG 1
| #define HAVE_SHMEM_SERVICES 1
| /* end confdefs.h.  */
| #include <sys/fcntl.h>
| 
| int
| main ()
| {
| 
| flock_t filler;
| 
|   ;
|   return 0;
| }
configure:5120: result: no
configure:5126: checking whether flock_t is defined in sys/flock.h
configure:5142: gcc -c -g -arch arm64 -arch x86_64 -mmacosx-version-min=10.10 -fPIC -O3 -Dg77Fortran -fPIC -fno-common  conftest.c >&5
conftest.c:29:10: fatal error: 'sys/flock.h' file not found
#include <sys/flock.h>
         ^~~~~~~~~~~~~
1 error generated.
configure:5142: $? = 1
configure: failed program was:
| /* confdefs.h */
| #define PACKAGE_NAME ""
| #define PACKAGE_TARNAME ""
| #define PACKAGE_VERSION ""
| #define PACKAGE_STRING ""
| #define PACKAGE_BUGREPORT ""
| #define PACKAGE_URL ""
| #define STDC_HEADERS 1
| #define HAVE_SYS_TYPES_H 1
| #define HAVE_SYS_STAT_H 1
| #define HAVE_STDLIB_H 1
| #define HAVE_STRING_H 1
| #define HAVE_MEMORY_H 1
| #define HAVE_STRINGS_H 1
| #define HAVE_INTTYPES_H 1
| #define HAVE_STDINT_H 1
| #define HAVE_UNISTD_H 1
| #define HAVE_STDLIB_H 1
| #define HAVE_STRING_H 1
| #define HAVE_MATH_H 1
| #define HAVE_LIMITS_H 1
| #define _LARGEFILE_SOURCE 1
| #define _FILE_OFFSET_BITS 64
| #define CFITSIO_HAVE_CURL 1
| #define HAVE_FTRUNCATE 1
| #define HAVE_LONGLONG 1
| #define HAVE_SHMEM_SERVICES 1
| /* end confdefs.h.  */
| #include <sys/flock.h>
| 
| int
| main ()
| {
| 
|    flock_t filler;
| 
|   ;
|   return 0;
| }
configure:5150: result: no
configure:5218: checking whether union semun is defined
configure:5236: gcc -c -g -arch arm64 -arch x86_64 -mmacosx-version-min=10.10 -fPIC -O3 -Dg77Fortran -fPIC -fno-common  conftest.c >&5
configure:5236: $? = 0
configure:5240: result: yes
configure:5253: checking for fmemopen
configure:5253: gcc -o conftest -g -arch arm64 -arch x86_64 -mmacosx-version-min=10.10 -fPIC -O3 -Dg77Fortran -fPIC -fno-common  -g -arch arm64 -arch x86_64 -mmacosx-version-min=10.10 -fPIC -O3 conftest.c  >&5
configure:5253: $? = 0
configure:5253: result: yes
configure:5266: checking for library containing gethostbyname
configure:5297: gcc -o conftest -g -arch arm64 -arch x86_64 -mmacosx-version-min=10.10 -fPIC -O3 -Dg77Fortran -fPIC -fno-common  -g -arch arm64 -arch x86_64 -mmacosx-version-min=10.10 -fPIC -O3 conftest.c  >&5
configure:5297: $? = 0
configure:5314: result: none required
configure:5324: checking for library containing connect
configure:5355: gcc -o conftest -g -arch arm64 -arch x86_64 -mmacosx-version-min=10.10 -fPIC -O3 -Dg77Fortran -fPIC -fno-common  -g -arch arm64 -arch x86_64 -mmacosx-version-min=10.10 -fPIC -O3 conftest.c  >&5
configure:5355: $? = 0
configure:5372: result: none required
configure:5542: creating ./config.status

## ---------------------- ##
## Running config.status. ##
## ---------------------- ##

This file was extended by config.status, which was
generated by GNU Autoconf 2.69.  Invocation command line was

  CONFIG_FILES    = 
  CONFIG_HEADERS  = 
  CONFIG_LINKS    = 
  CONFIG_COMMANDS = 
  $ ./config.status 

on M1.local

config.status:759: creating Makefile
configure:6699: creating ./config.status

## ---------------------- ##
## Running config.status. ##
## ---------------------- ##

This file was extended by config.status, which was
generated by GNU Autoconf 2.69.  Invocation command line was

  CONFIG_FILES    = 
  CONFIG_HEADERS  = 
  CONFIG_LINKS    = 
  CONFIG_COMMANDS = 
  $ ./config.status 

on M1.local

config.status:760: creating Makefile
config.status:760: creating cfitsio.pc
configure:7707: result: 
configure:7709: result:     Congratulations, Makefile update was successful.
configure:7711: result:     You may want to run "make" now.
configure:7713: result: 

## ---------------- ##
## Cache variables. ##
## ---------------- ##

ac_cv_build=arm-apple-darwin20.1.0
ac_cv_c_compiler_gnu=yes
ac_cv_env_CC_set=
ac_cv_env_CC_value=
ac_cv_env_CFLAGS_set=set
ac_cv_env_CFLAGS_value='-g -arch arm64 -arch x86_64 -mmacosx-version-min=10.10 -fPIC -O3'
ac_cv_env_CPPFLAGS_set=
ac_cv_env_CPPFLAGS_value=
ac_cv_env_CPP_set=
ac_cv_env_CPP_value=
ac_cv_env_LDFLAGS_set=
ac_cv_env_LDFLAGS_value=
ac_cv_env_LIBS_set=
ac_cv_env_LIBS_value=
ac_cv_env_build_alias_set=
ac_cv_env_build_alias_value=
ac_cv_env_host_alias_set=
ac_cv_env_host_alias_value=
ac_cv_env_target_alias_set=
ac_cv_env_target_alias_value=
ac_cv_func_fmemopen=yes
ac_cv_header_inttypes_h=yes
ac_cv_header_limits_h=yes
ac_cv_header_math_h=yes
ac_cv_header_memory_h=yes
ac_cv_header_stdc=yes
ac_cv_header_stdint_h=yes
ac_cv_header_stdlib_h=yes
ac_cv_header_string_h=yes
ac_cv_header_strings_h=yes
ac_cv_header_sys_stat_h=yes
ac_cv_header_sys_types_h=yes
ac_cv_header_unistd_h=yes
ac_cv_host=arm-apple-darwin20.1.0
ac_cv_objext=o
ac_cv_path_EGREP='/usr/bin/grep -E'
ac_cv_path_GREP=/usr/bin/grep
ac_cv_prog_AR=ar
ac_cv_prog_CPP='gcc -E'
ac_cv_prog_CURLCONFIG=curl-config
ac_cv_prog_ac_ct_CC=gcc
ac_cv_prog_ac_ct_RANLIB=ranlib
ac_cv_prog_cc_c89=
ac_cv_prog_cc_g=yes
ac_cv_search_connect='none required'
ac_cv_search_gethostbyname='none required'
ac_cv_target=arm-apple-darwin20.1.0

## ----------------- ##
## Output variables. ##
## ----------------- ##

AR='ar'
ARCH='arm'
ARCHIVE='ar rv'
CC='gcc'
CFITSIO_MAJOR='3'
CFITSIO_MINOR='49'
CFITSIO_SHLIB='lib${PACKAGE}.${CFITSIO_SONAME}.${CFITSIO_MAJOR}.${CFITSIO_MINOR}${SHLIB_SUFFIX}'
CFITSIO_SHLIB_SONAME='lib${PACKAGE}.${CFITSIO_SONAME}${SHLIB_SUFFIX}'
CFITSIO_SONAME='9'
CFLAGS='-g -arch arm64 -arch x86_64 -mmacosx-version-min=10.10 -fPIC -O3 -Dg77Fortran -fPIC -fno-common'
CPP='gcc -E'
CPPFLAGS=''
CURLCONFIG='curl-config'
DEFS='-DPACKAGE_NAME=\"\" -DPACKAGE_TARNAME=\"\" -DPACKAGE_VERSION=\"\" -DPACKAGE_STRING=\"\" -DPACKAGE_BUGREPORT=\"\" -DPACKAGE_URL=\"\" -DSTDC_HEADERS=1 -DHAVE_SYS_TYPES_H=1 -DHAVE_SYS_STAT_H=1 -DHAVE_STDLIB_H=1 -DHAVE_STRING_H=1 -DHAVE_MEMORY_H=1 -DHAVE_STRINGS_H=1 -DHAVE_INTTYPES_H=1 -DHAVE_STDINT_H=1 -DHAVE_UNISTD_H=1 -DHAVE_STDLIB_H=1 -DHAVE_STRING_H=1 -DHAVE_MATH_H=1 -DHAVE_LIMITS_H=1 -D_LARGEFILE_SOURCE=1 -D_FILE_OFFSET_BITS=64 -DCFITSIO_HAVE_CURL=1 -DHAVE_FTRUNCATE=1 -DHAVE_LONGLONG=1 -DHAVE_SHMEM_SERVICES=1 -DHAVE_UNION_SEMUN=1 -DHAVE_FMEMOPEN=1 -DHAVE_NET_SERVICES=1'
ECHO_C='\c'
ECHO_N=''
ECHO_T=''
EGREP='/usr/bin/grep -E'
EXEEXT=''
F77_WRAPPERS='${FITSIO_SRC}'
FC='notfound'
GCCVERSION='12.0.0'
GREP='/usr/bin/grep'
GSIFTP_SRC=''
INSTALL_ROOT='${prefix}'
LDFLAGS='-g -arch arm64 -arch x86_64 -mmacosx-version-min=10.10 -fPIC -O3'
LDFLAGS_BIN='-g -arch arm64 -arch x86_64 -mmacosx-version-min=10.10 -fPIC -O3 -Wl,-rpath,${CFITSIO_LIB}'
LIBOBJS=''
LIBPRE=''
LIBS=''
LIBS_CURL='-lcurl'
LTLIBOBJS=''
OBJEXT='o'
PACKAGE_BUGREPORT=''
PACKAGE_NAME=''
PACKAGE_STRING=''
PACKAGE_TARNAME=''
PACKAGE_URL=''
PACKAGE_VERSION=''
PATH_SEPARATOR=':'
RANLIB='ranlib'
SHELL='/bin/sh'
SHLIB_LD='gcc -dynamiclib  -headerpad_max_install_names -install_name @rpath/lib${PACKAGE}.${CFITSIO_SONAME}${SHLIB_SUFFIX} -compatibility_version ${CFITSIO_SONAME} -current_version ${CFITSIO_SONAME}.${CFITSIO_MAJOR}.${CFITSIO_MINOR}'
SHLIB_SUFFIX='.dylib'
SSE_FLAGS=''
ac_ct_CC='gcc'
bindir='${exec_prefix}/bin'
build='arm-apple-darwin20.1.0'
build_alias=''
build_cpu='arm'
build_os='darwin20.1.0'
build_vendor='apple'
datadir='${datarootdir}'
datarootdir='${prefix}/share'
docdir='${datarootdir}/doc/${PACKAGE}'
dvidir='${docdir}'
exec_prefix='${prefix}'
host='arm-apple-darwin20.1.0'
host_alias=''
host_cpu='arm'
host_os='darwin20.1.0'
host_vendor='apple'
htmldir='${docdir}'
includedir='${prefix}/include'
infodir='${datarootdir}/info'
libdir='${exec_prefix}/lib'
libexecdir='${exec_prefix}/libexec'
localedir='${datarootdir}/locale'
localstatedir='${prefix}/var'
mandir='${datarootdir}/man'
my_shmem='${SOURCES_SHMEM}'
oldincludedir='/usr/include'
pdfdir='${docdir}'
prefix='/Users/polakovic/Development/cfitsio-3.49'
program_transform_name='s,x,x,'
psdir='${docdir}'
sbindir='${exec_prefix}/sbin'
sharedstatedir='${prefix}/com'
sysconfdir='${prefix}/etc'
target='arm-apple-darwin20.1.0'
target_alias=''
target_cpu='arm'
target_os='darwin20.1.0'
target_vendor='apple'

## ----------- ##
## confdefs.h. ##
## ----------- ##

/* confdefs.h */
#define PACKAGE_NAME ""
#define PACKAGE_TARNAME ""
#define PACKAGE_VERSION ""
#define PACKAGE_STRING ""
#define PACKAGE_BUGREPORT ""
#define PACKAGE_URL ""
#define STDC_HEADERS 1
#define HAVE_SYS_TYPES_H 1
#define HAVE_SYS_STAT_H 1
#define HAVE_STDLIB_H 1
#define HAVE_STRING_H 1
#define HAVE_MEMORY_H 1
#define HAVE_STRINGS_H 1
#define HAVE_INTTYPES_H 1
#define HAVE_STDINT_H 1
#define HAVE_UNISTD_H 1
#define HAVE_STDLIB_H 1
#define HAVE_STRING_H 1
#define HAVE_MATH_H 1
#define HAVE_LIMITS_H 1
#define _LARGEFILE_SOURCE 1
#define _FILE_OFFSET_BITS 64
#define CFITSIO_HAVE_CURL 1
#define HAVE_FTRUNCATE 1
#define HAVE_LONGLONG 1
#define HAVE_SHMEM_SERVICES 1
#define HAVE_UNION_SEMUN 1
#define HAVE_FMEMOPEN 1
#define HAVE_NET_SERVICES 1

configure: exit 0
